[2025-02-03 15:19:01,126] INFO - OPTIONS /auth/register 200 - 0.00s
[2025-02-03 15:20:43,068] INFO - OPTIONS /auth/login 200 - 0.00s
[2025-02-03 15:30:53,657] INFO - OPTIONS /auth/login 200 - 0.00s
[2025-02-03 15:30:54,736] INFO - OPTIONS /auth/login 200 - 0.00s
[2025-02-03 15:30:55,067] INFO - OPTIONS /auth/login 200 - 0.00s
[2025-02-03 15:30:55,262] INFO - OPTIONS /auth/login 200 - 0.00s
[2025-02-03 15:31:59,208] INFO - OPTIONS /auth/login 200 - 0.00s
[2025-02-03 15:32:00,030] INFO - POST /auth/login 200 - 0.82s
[2025-02-03 15:40:02,127] INFO - OPTIONS /prescriptions 200 - 0.00s
[2025-02-03 15:40:02,128] INFO - GET /prescriptions 401 - 0.00s
[2025-02-03 15:41:38,077] INFO - OPTIONS /prescriptions 200 - 0.00s
[2025-02-03 15:41:38,078] INFO - OPTIONS /prescriptions 200 - 0.00s
[2025-02-03 15:41:38,080] INFO - GET /prescriptions 401 - 0.00s
[2025-02-03 15:41:38,081] INFO - GET /prescriptions 401 - 0.00s
[2025-02-03 15:42:43,894] INFO - OPTIONS /prescriptions 200 - 0.00s
[2025-02-03 15:42:43,895] INFO - OPTIONS /prescriptions 200 - 0.00s
[2025-02-03 15:42:43,897] INFO - GET /prescriptions 401 - 0.00s
[2025-02-03 15:42:43,898] INFO - GET /prescriptions 401 - 0.00s
[2025-02-03 15:49:36,580] INFO - OPTIONS /prescriptions 200 - 0.00s
[2025-02-03 15:49:36,581] INFO - GET /prescriptions 401 - 0.00s
[2025-02-03 15:49:43,635] INFO - OPTIONS /prescriptions 200 - 0.00s
[2025-02-03 15:49:43,637] INFO - GET /prescriptions 401 - 0.00s
[2025-02-03 15:52:01,726] INFO - OPTIONS /prescriptions 200 - 0.00s
[2025-02-03 15:54:54,371] INFO - OPTIONS /prescriptions 200 - 0.00s
[2025-02-03 15:54:54,373] INFO - GET /prescriptions 401 - 0.00s
[2025-02-03 15:55:16,621] INFO - OPTIONS /auth/login 200 - 0.00s
[2025-02-03 15:57:48,802] INFO - OPTIONS /auth/login 200 - 0.00s
[2025-02-03 15:57:49,184] INFO - POST /auth/login 200 - 0.38s
[2025-02-03 16:01:21,824] INFO - OPTIONS /auth/login 200 - 0.00s
[2025-02-03 16:01:22,408] INFO - POST /auth/login 200 - 0.58s
[2025-02-03 16:01:22,427] INFO - OPTIONS /prescriptions 200 - 0.00s
[2025-02-03 16:01:22,428] INFO - GET /prescriptions 401 - 0.00s
[2025-02-03 16:07:11,204] INFO - OPTIONS /prescriptions 200 - 0.00s
[2025-02-03 16:07:11,206] INFO - GET /prescriptions 401 - 0.00s
[2025-02-03 16:08:37,964] INFO - OPTIONS /prescriptions 200 - 0.00s
[2025-02-03 16:08:37,965] INFO - GET /prescriptions 401 - 0.00s
[2025-02-03 16:09:49,197] INFO - OPTIONS /prescriptions 200 - 0.00s
[2025-02-03 16:09:49,235] INFO - POST /prescriptions 400 - 0.04s
[2025-02-03 16:12:58,845] INFO - OPTIONS /prescriptions 200 - 0.00s
[2025-02-03 16:12:58,847] INFO - GET /prescriptions 401 - 0.00s
[2025-02-03 16:13:04,995] INFO - OPTIONS /prescriptions/no-pdf 200 - 0.00s
[2025-02-03 16:13:05,412] INFO - POST /prescriptions/no-pdf 201 - 0.42s
[2025-02-03 16:13:05,415] INFO - OPTIONS /prescriptions 200 - 0.00s
[2025-02-03 16:13:05,417] INFO - GET /prescriptions 401 - 0.00s
[2025-02-03 16:13:31,174] INFO - OPTIONS /prescriptions 200 - 0.00s
[2025-02-03 16:13:31,176] INFO - GET /prescriptions 401 - 0.00s
[2025-02-03 16:14:18,125] INFO - OPTIONS /prescriptions 200 - 0.00s
[2025-02-03 16:14:18,127] INFO - GET /prescriptions 401 - 0.00s
[2025-02-03 16:15:53,570] INFO - OPTIONS /prescriptions 200 - 0.00s
[2025-02-03 16:15:53,572] INFO - GET /prescriptions 401 - 0.00s
[2025-02-03 16:16:52,540] INFO - OPTIONS /prescriptions 200 - 0.00s
[2025-02-03 16:17:04,225] INFO - OPTIONS /prescriptions 200 - 0.00s
[2025-02-03 16:19:19,657] INFO - OPTIONS /prescriptions 200 - 0.00s
[2025-02-03 16:21:15,999] INFO - OPTIONS /prescriptions 200 - 0.00s
[2025-02-03 16:22:10,377] INFO - OPTIONS /prescriptions 200 - 0.00s
[2025-02-03 16:22:16,664] INFO - OPTIONS /auth/login 200 - 0.00s
[2025-02-03 16:22:17,332] INFO - POST /auth/login 200 - 0.67s
[2025-02-03 16:22:17,349] INFO - OPTIONS /prescriptions 200 - 0.00s
[2025-02-03 16:27:11,851] INFO - OPTIONS /prescriptions 200 - 0.00s
[2025-02-03 16:27:23,434] INFO - OPTIONS /prescriptions 200 - 0.00s
[2025-02-03 16:29:12,742] INFO - OPTIONS /prescriptions 200 - 0.00s
[2025-02-03 16:29:12,744] INFO - GET /prescriptions 401 - 0.00s
[2025-02-03 16:30:27,399] INFO - OPTIONS /auth/login 200 - 0.00s
[2025-02-03 16:30:27,883] INFO - OPTIONS /auth/login 200 - 0.00s
[2025-02-03 16:30:28,057] INFO - OPTIONS /auth/login 200 - 0.00s
[2025-02-03 16:30:28,215] INFO - OPTIONS /auth/login 200 - 0.00s
[2025-02-03 16:30:28,372] INFO - OPTIONS /auth/login 200 - 0.00s
[2025-02-03 16:30:45,421] INFO - OPTIONS /auth/login 200 - 0.00s
[2025-02-03 16:30:45,752] INFO - POST /auth/login 200 - 0.33s
[2025-02-03 16:30:45,767] INFO - OPTIONS /prescriptions 200 - 0.00s
[2025-02-03 16:35:27,198] INFO - OPTIONS /prescriptions 200 - 0.00s
[2025-02-03 16:37:35,735] INFO - OPTIONS /prescriptions 200 - 0.00s
[2025-02-03 16:37:35,737] INFO - GET /prescriptions 401 - 0.00s
[2025-02-03 16:37:38,360] INFO - OPTIONS /auth/login 200 - 0.00s
[2025-02-03 16:37:38,938] INFO - POST /auth/login 200 - 0.58s
[2025-02-03 16:37:38,952] INFO - GET /prescriptions 401 - 0.00s
[2025-02-03 16:37:41,423] INFO - POST /auth/login 200 - 1.21s
[2025-02-03 16:37:41,438] INFO - OPTIONS /prescriptions 200 - 0.00s
[2025-02-03 16:37:41,441] INFO - GET /prescriptions 401 - 0.00s
[2025-02-03 18:55:51,002] INFO - OPTIONS /auth/login 200 - 0.00s
[2025-02-03 18:55:51,317] INFO - POST /auth/login 200 - 0.31s
[2025-02-03 18:55:51,335] INFO - OPTIONS /prescriptions 200 - 0.00s
[2025-02-03 18:55:51,337] INFO - GET /prescriptions 401 - 0.00s
[2025-02-03 19:00:41,740] INFO - OPTIONS /auth/login 200 - 0.00s
[2025-02-03 19:00:42,207] INFO - POST /auth/login 200 - 0.47s
[2025-02-03 19:00:42,226] INFO - OPTIONS /prescriptions 200 - 0.00s
[2025-02-03 19:00:42,228] INFO - GET /prescriptions 401 - 0.00s
[2025-02-03 19:01:25,652] INFO - OPTIONS /prescriptions/no-pdf 200 - 0.00s
[2025-02-03 19:01:25,655] INFO - POST /prescriptions/no-pdf 401 - 0.00s
[2025-02-03 19:02:01,085] INFO - OPTIONS /auth/login 200 - 0.00s
[2025-02-03 19:02:01,696] INFO - POST /auth/login 200 - 0.61s
[2025-02-03 19:02:01,709] INFO - OPTIONS /prescriptions 200 - 0.00s
[2025-02-03 19:02:01,710] INFO - GET /prescriptions 401 - 0.00s
[2025-02-03 19:07:42,444] INFO - OPTIONS /auth/login 200 - 0.00s
[2025-02-03 19:08:13,353] INFO - OPTIONS /auth/login 200 - 0.00s
[2025-02-03 19:10:39,796] INFO - OPTIONS /auth/login 200 - 0.00s
[2025-02-03 19:11:53,701] INFO - OPTIONS /auth/login 200 - 0.00s
[2025-02-03 19:11:54,201] INFO - POST /auth/login 200 - 0.50s
[2025-02-03 19:11:54,219] INFO - OPTIONS /prescriptions 200 - 0.00s
[2025-02-03 19:11:54,221] INFO - GET /prescriptions 401 - 0.00s
[2025-02-03 19:14:21,169] INFO - OPTIONS /auth/login 200 - 0.00s
[2025-02-03 19:14:22,046] INFO - POST /auth/login 200 - 0.88s
[2025-02-03 19:14:22,062] INFO - OPTIONS /prescriptions 200 - 0.00s
[2025-02-03 19:14:22,064] INFO - GET /prescriptions 401 - 0.00s
[2025-02-03 19:18:49,773] INFO - OPTIONS /auth/login 200 - 0.00s
[2025-02-03 19:18:50,261] INFO - POST /auth/login 200 - 0.49s
[2025-02-03 19:18:50,280] INFO - OPTIONS /prescriptions 200 - 0.00s
[2025-02-03 19:19:11,488] INFO - OPTIONS /auth/login 200 - 0.00s
[2025-02-03 19:19:11,898] INFO - POST /auth/login 200 - 0.41s
[2025-02-03 19:19:11,916] INFO - OPTIONS /prescriptions 200 - 0.00s
[2025-02-03 19:23:12,017] INFO - OPTIONS /auth/login 200 - 0.00s
[2025-02-03 19:23:12,512] INFO - POST /auth/login 200 - 0.49s
[2025-02-03 19:23:12,526] INFO - OPTIONS /prescriptions 200 - 0.00s
[2025-02-03 19:23:12,528] INFO - GET /prescriptions 401 - 0.00s
[2025-02-03 19:24:26,170] INFO - OPTIONS /auth/login 200 - 0.00s
[2025-02-03 19:24:26,988] INFO - POST /auth/login 200 - 0.82s
[2025-02-03 19:24:27,003] INFO - OPTIONS /prescriptions 200 - 0.00s
[2025-02-03 19:24:27,005] INFO - GET /prescriptions 401 - 0.00s
[2025-02-03 19:24:28,422] INFO - POST /auth/login 200 - 0.57s
[2025-02-03 19:24:28,435] INFO - GET /prescriptions 401 - 0.00s
[2025-02-03 19:25:32,111] INFO - OPTIONS /auth/login 200 - 0.00s
[2025-02-03 19:25:32,494] INFO - POST /auth/login 200 - 0.38s
[2025-02-03 19:25:32,521] INFO - OPTIONS /prescriptions 200 - 0.00s
[2025-02-03 19:25:32,538] INFO - GET /prescriptions 401 - 0.00s
[2025-02-03 19:29:35,424] INFO - OPTIONS /auth/login 200 - 0.00s
[2025-02-03 19:29:37,317] INFO - POST /auth/login 200 - 1.89s
[2025-02-03 19:29:37,352] INFO - OPTIONS /prescriptions 200 - 0.00s
[2025-02-03 19:29:37,355] INFO - GET /prescriptions 401 - 0.00s
[2025-02-03 19:30:55,826] INFO - OPTIONS /auth/login 200 - 0.00s
[2025-02-03 19:30:56,321] INFO - POST /auth/login 200 - 0.49s
[2025-02-03 19:30:56,343] INFO - OPTIONS /prescriptions 200 - 0.00s
[2025-02-03 19:30:56,345] INFO - GET /prescriptions 401 - 0.00s
[2025-02-03 19:34:39,332] INFO - OPTIONS /auth/login 200 - 0.00s
[2025-02-03 19:34:39,706] INFO - POST /auth/login 200 - 0.37s
[2025-02-03 19:34:39,740] INFO - OPTIONS /prescriptions 200 - 0.00s
[2025-02-03 19:34:39,744] INFO - GET /prescriptions 401 - 0.00s
[2025-02-03 19:37:40,280] INFO - OPTIONS /auth/login 200 - 0.00s
[2025-02-03 19:37:40,884] INFO - POST /auth/login 200 - 0.60s
[2025-02-03 19:37:40,900] INFO - OPTIONS /prescriptions 200 - 0.00s
[2025-02-03 19:37:40,902] INFO - GET /prescriptions 401 - 0.00s
[2025-02-03 19:41:50,428] INFO - OPTIONS /auth/login 200 - 0.00s
[2025-02-03 19:41:50,792] INFO - POST /auth/login 200 - 0.36s
[2025-02-03 19:41:50,832] INFO - OPTIONS /prescriptions 200 - 0.00s
[2025-02-03 19:41:50,836] INFO - GET /prescriptions 401 - 0.00s
[2025-02-03 19:49:00,554] INFO - OPTIONS /auth/login 200 - 0.00s
[2025-02-03 19:49:01,051] INFO - POST /auth/login 200 - 0.50s
[2025-02-03 19:49:01,088] INFO - OPTIONS /prescriptions 200 - 0.00s
[2025-02-03 19:49:01,090] INFO - GET /prescriptions 401 - 0.00s
[2025-02-03 19:49:20,979] INFO - OPTIONS /auth/login 200 - 0.00s
[2025-02-03 19:49:21,428] INFO - POST /auth/login 200 - 0.45s
[2025-02-03 19:49:21,450] INFO - OPTIONS /prescriptions 200 - 0.00s
[2025-02-03 19:49:21,452] INFO - GET /prescriptions 401 - 0.00s
[2025-02-03 19:50:19,378] INFO - OPTIONS /auth/login 200 - 0.00s
[2025-02-03 19:50:19,901] INFO - POST /auth/login 200 - 0.52s
[2025-02-03 19:50:19,920] INFO - OPTIONS /prescriptions 200 - 0.00s
[2025-02-03 19:50:19,921] INFO - GET /prescriptions 401 - 0.00s
[2025-02-03 19:50:42,591] INFO - OPTIONS /auth/login 200 - 0.00s
[2025-02-03 19:50:42,973] INFO - POST /auth/login 200 - 0.38s
[2025-02-03 19:51:42,490] INFO - OPTIONS /auth/login 200 - 0.00s
[2025-02-03 19:51:42,949] INFO - POST /auth/login 200 - 0.46s
[2025-02-03 19:52:34,343] INFO - OPTIONS /auth/login 200 - 0.00s
[2025-02-03 19:52:34,766] INFO - POST /auth/login 200 - 0.42s
[2025-02-03 19:53:06,020] INFO - OPTIONS /auth/login 200 - 0.00s
[2025-02-03 19:53:06,329] INFO - POST /auth/login 200 - 0.31s
[2025-02-03 19:53:06,476] INFO - OPTIONS /prescriptions 200 - 0.00s
[2025-02-03 19:53:06,489] INFO - GET /prescriptions 401 - 0.00s
[2025-02-03 19:55:14,479] INFO - OPTIONS /auth/login 200 - 0.00s
[2025-02-03 19:55:15,026] INFO - POST /auth/login 200 - 0.55s
[2025-02-03 19:55:15,148] INFO - OPTIONS /prescriptions 200 - 0.00s
[2025-02-03 19:55:15,149] INFO - GET /prescriptions 401 - 0.00s
[2025-02-03 19:55:16,462] INFO - POST /auth/login 200 - 0.51s
[2025-02-03 19:55:16,577] INFO - GET /prescriptions 401 - 0.00s
[2025-02-03 19:55:17,618] INFO - POST /auth/login 200 - 0.50s
[2025-02-03 19:55:17,733] INFO - GET /prescriptions 401 - 0.00s
[2025-02-03 19:55:23,313] INFO - OPTIONS /auth/login 200 - 0.00s
[2025-02-03 19:55:23,833] INFO - POST /auth/login 200 - 0.52s
[2025-02-03 19:55:24,357] INFO - OPTIONS /prescriptions 200 - 0.00s
[2025-02-03 19:55:24,375] INFO - GET /prescriptions 401 - 0.00s
[2025-02-03 19:55:26,497] INFO - POST /auth/login 200 - 0.72s
[2025-02-03 19:55:27,022] INFO - GET /prescriptions 401 - 0.00s
[2025-02-03 19:55:33,730] INFO - OPTIONS /auth/login 200 - 0.00s
[2025-02-03 19:55:34,175] INFO - POST /auth/login 200 - 0.44s
[2025-02-03 19:55:35,202] INFO - OPTIONS /prescriptions 200 - 0.00s
[2025-02-03 19:55:35,204] INFO - GET /prescriptions 401 - 0.00s
[2025-02-03 19:55:43,340] INFO - OPTIONS /auth/login 200 - 0.00s
[2025-02-03 19:55:43,903] INFO - POST /auth/login 200 - 0.56s
[2025-02-03 19:55:45,440] INFO - POST /auth/login 200 - 0.51s
[2025-02-03 19:55:45,914] INFO - OPTIONS /prescriptions 200 - 0.00s
[2025-02-03 19:55:45,918] INFO - GET /prescriptions 401 - 0.00s
[2025-02-03 19:55:48,472] INFO - OPTIONS /auth/login 200 - 0.00s
[2025-02-03 19:55:49,024] INFO - POST /auth/login 200 - 0.55s
[2025-02-03 19:55:51,049] INFO - OPTIONS /prescriptions 200 - 0.00s
[2025-02-03 19:55:51,051] INFO - GET /prescriptions 401 - 0.00s
[2025-02-03 19:56:44,388] INFO - OPTIONS /auth/login 200 - 0.00s
[2025-02-03 19:56:44,723] INFO - POST /auth/login 200 - 0.33s
[2025-02-03 19:56:47,020] INFO - OPTIONS /prescriptions 200 - 0.00s
[2025-02-03 19:56:47,026] INFO - GET /prescriptions 401 - 0.00s
[2025-02-03 19:56:49,334] INFO - POST /auth/login 200 - 0.32s
[2025-02-03 19:56:51,552] INFO - GET /prescriptions 401 - 0.00s
[2025-02-03 19:59:40,209] INFO - OPTIONS /auth/login 200 - 0.00s
[2025-02-03 19:59:40,550] INFO - POST /auth/login 200 - 0.34s
[2025-02-03 19:59:42,796] INFO - OPTIONS /prescriptions 200 - 0.00s
[2025-02-03 19:59:42,826] INFO - GET /prescriptions 401 - 0.00s
[2025-02-03 20:00:08,311] INFO - OPTIONS /auth/login 200 - 0.00s
[2025-02-03 20:00:08,615] INFO - POST /auth/login 200 - 0.30s
[2025-02-03 20:00:10,845] INFO - OPTIONS /prescriptions 200 - 0.00s
[2025-02-03 20:00:10,849] INFO - GET /prescriptions 401 - 0.00s
[2025-02-03 20:00:40,967] INFO - OPTIONS /auth/login 200 - 0.00s
[2025-02-03 20:00:41,350] INFO - POST /auth/login 200 - 0.38s
[2025-02-03 20:00:43,733] INFO - OPTIONS /prescriptions 200 - 0.00s
[2025-02-03 20:00:43,745] INFO - GET /prescriptions 401 - 0.00s
[2025-02-03 20:02:09,883] INFO - OPTIONS /auth/login 200 - 0.00s
[2025-02-03 20:02:10,345] INFO - POST /auth/login 200 - 0.46s
[2025-02-03 20:02:12,543] INFO - OPTIONS /prescriptions 200 - 0.00s
[2025-02-03 20:02:12,554] INFO - GET /prescriptions 401 - 0.00s
[2025-02-03 20:02:45,359] INFO - OPTIONS /auth/login 200 - 0.00s
[2025-02-03 20:02:45,698] INFO - POST /auth/login 200 - 0.34s
[2025-02-03 20:02:48,100] INFO - OPTIONS /prescriptions 200 - 0.00s
[2025-02-03 20:02:48,105] INFO - GET /prescriptions 401 - 0.00s
[2025-02-03 20:03:32,399] INFO - OPTIONS /auth/login 200 - 0.00s
[2025-02-03 20:03:32,804] INFO - POST /auth/login 200 - 0.40s
[2025-02-03 20:03:35,062] INFO - OPTIONS /prescriptions 200 - 0.00s
[2025-02-03 20:03:35,082] INFO - GET /prescriptions 401 - 0.00s
[2025-02-03 20:03:51,042] INFO - OPTIONS /prescriptions 200 - 0.00s
[2025-02-03 20:03:51,047] INFO - GET /prescriptions 401 - 0.00s
[2025-02-03 20:03:55,536] INFO - OPTIONS /auth/login 200 - 0.00s
[2025-02-03 20:03:56,157] INFO - POST /auth/login 200 - 0.62s
[2025-02-03 20:03:58,369] INFO - OPTIONS /prescriptions 200 - 0.00s
[2025-02-03 20:03:58,379] INFO - GET /prescriptions 401 - 0.00s
[2025-02-03 20:04:44,387] INFO - OPTIONS /auth/login 200 - 0.00s
[2025-02-03 20:04:44,998] INFO - POST /auth/login 200 - 0.61s
[2025-02-03 20:04:47,198] INFO - OPTIONS /prescriptions 200 - 0.00s
[2025-02-03 20:04:47,203] INFO - GET /prescriptions 403 - 0.00s
[2025-02-03 20:07:45,228] INFO - OPTIONS /auth/login 200 - 0.00s
[2025-02-03 20:07:45,737] INFO - POST /auth/login 200 - 0.51s
[2025-02-03 20:07:47,908] INFO - OPTIONS /prescriptions 200 - 0.00s
[2025-02-03 20:07:47,910] INFO - GET /prescriptions 401 - 0.00s
[2025-02-03 20:08:52,230] INFO - OPTIONS /auth/login 200 - 0.00s
[2025-02-03 20:08:53,118] INFO - POST /auth/login 200 - 0.89s
[2025-02-03 20:08:55,327] INFO - OPTIONS /prescriptions 200 - 0.00s
[2025-02-03 20:08:55,329] INFO - GET /prescriptions 401 - 0.00s
[2025-02-03 20:12:54,432] INFO - OPTIONS /auth/login 200 - 0.00s
[2025-02-03 20:12:54,814] INFO - POST /auth/login 200 - 0.38s
[2025-02-03 20:12:57,041] INFO - OPTIONS /prescriptions 200 - 0.00s
[2025-02-03 20:12:57,067] INFO - GET /prescriptions 401 - 0.00s
[2025-02-03 20:13:28,267] INFO - OPTIONS /auth/login 200 - 0.00s
[2025-02-03 20:13:28,853] INFO - POST /auth/login 200 - 0.58s
[2025-02-03 20:13:30,959] INFO - OPTIONS /prescriptions 200 - 0.00s
[2025-02-03 20:13:30,960] INFO - GET /prescriptions 401 - 0.00s
[2025-02-03 20:17:27,851] INFO - OPTIONS /auth/login 200 - 0.00s
[2025-02-03 20:17:28,166] INFO - POST /auth/login 200 - 0.31s
[2025-02-03 20:17:30,347] INFO - OPTIONS /prescriptions 200 - 0.00s
[2025-02-03 20:17:30,354] INFO - GET /prescriptions 401 - 0.00s
[2025-02-03 20:17:53,012] INFO - OPTIONS /auth/login 200 - 0.00s
[2025-02-03 20:17:53,390] INFO - POST /auth/login 200 - 0.38s
[2025-02-03 20:17:55,572] INFO - OPTIONS /prescriptions 200 - 0.00s
[2025-02-03 20:17:55,577] INFO - GET /prescriptions 401 - 0.00s
[2025-02-03 20:18:11,345] INFO - OPTIONS /auth/login 200 - 0.00s
[2025-02-03 20:18:11,676] INFO - POST /auth/login 200 - 0.33s
[2025-02-03 20:18:13,902] INFO - OPTIONS /prescriptions 200 - 0.00s
[2025-02-03 20:18:13,908] INFO - GET /prescriptions 401 - 0.00s
[2025-02-03 20:19:12,728] INFO - OPTIONS /auth/login 200 - 0.00s
[2025-02-03 20:19:13,164] INFO - POST /auth/login 200 - 0.43s
[2025-02-03 20:19:15,394] INFO - OPTIONS /prescriptions 200 - 0.00s
[2025-02-03 20:19:15,406] INFO - GET /prescriptions 401 - 0.00s
[2025-02-03 20:22:59,651] INFO - OPTIONS /auth/login 200 - 0.00s
[2025-02-03 20:23:00,063] INFO - POST /auth/login 200 - 0.41s
[2025-02-03 20:23:02,260] INFO - OPTIONS /prescriptions 200 - 0.00s
[2025-02-03 20:23:02,266] INFO - GET /prescriptions 401 - 0.00s
[2025-02-03 20:40:08,863] INFO - OPTIONS /auth/login 200 - 0.00s
[2025-02-03 23:25:21,080] INFO - OPTIONS /auth/login 200 - 0.00s
[2025-02-03 23:25:21,645] INFO - POST /auth/login 200 - 0.56s
[2025-02-03 23:25:23,880] INFO - OPTIONS /prescriptions 200 - 0.00s
[2025-02-03 23:25:23,883] INFO - GET /prescriptions 401 - 0.00s
[2025-02-03 23:32:14,149] INFO - OPTIONS /auth/login 200 - 0.00s
[2025-02-03 23:32:14,573] INFO - POST /auth/login 200 - 0.42s
[2025-02-03 23:32:59,070] INFO - OPTIONS /auth/login 200 - 0.00s
[2025-02-03 23:32:59,654] INFO - POST /auth/login 200 - 0.58s
[2025-02-03 23:34:11,318] INFO - OPTIONS /auth/login 200 - 0.00s
[2025-02-03 23:34:11,877] INFO - POST /auth/login 200 - 0.56s
[2025-02-03 23:34:37,715] INFO - OPTIONS /auth/login 200 - 0.00s
[2025-02-03 23:34:38,291] INFO - POST /auth/login 200 - 0.57s
[2025-02-03 23:34:40,676] INFO - OPTIONS /prescriptions 200 - 0.00s
[2025-02-03 23:34:40,682] INFO - GET /prescriptions 401 - 0.00s
[2025-02-03 23:37:44,969] INFO - OPTIONS /prescriptions 200 - 0.00s
[2025-02-03 23:37:44,971] INFO - GET /prescriptions 401 - 0.00s
[2025-02-03 23:42:14,842] INFO - OPTIONS /prescriptions 200 - 0.00s
[2025-02-03 23:42:14,847] INFO - GET /prescriptions 401 - 0.00s
[2025-02-03 23:42:30,222] INFO - OPTIONS /auth/login 200 - 0.00s
[2025-02-03 23:42:30,512] INFO - POST /auth/login 200 - 0.29s
[2025-02-03 23:42:32,730] INFO - OPTIONS /prescriptions 200 - 0.00s
[2025-02-03 23:42:32,733] INFO - GET /prescriptions 401 - 0.00s
[2025-02-03 23:46:54,643] INFO - OPTIONS /auth/login 200 - 0.00s
[2025-02-03 23:46:55,073] INFO - POST /auth/login 200 - 0.43s
[2025-02-03 23:46:57,319] INFO - OPTIONS /prescriptions 200 - 0.00s
[2025-02-03 23:46:57,325] INFO - GET /prescriptions 401 - 0.00s
[2025-02-03 23:48:42,287] INFO - OPTIONS /prescriptions 200 - 0.00s
[2025-02-03 23:48:42,294] INFO - GET /prescriptions 401 - 0.00s
[2025-02-03 23:48:57,127] INFO - OPTIONS /auth/login 200 - 0.00s
[2025-02-03 23:48:57,641] INFO - POST /auth/login 200 - 0.51s
[2025-02-03 23:48:59,860] INFO - OPTIONS /prescriptions 200 - 0.00s
[2025-02-03 23:48:59,862] INFO - GET /prescriptions 401 - 0.00s
[2025-02-03 23:50:47,975] INFO - OPTIONS /auth/login 200 - 0.00s
[2025-02-03 23:50:48,429] INFO - POST /auth/login 200 - 0.45s
[2025-02-03 23:50:50,633] INFO - OPTIONS /prescriptions 200 - 0.00s
[2025-02-03 23:50:50,641] INFO - GET /prescriptions 401 - 0.00s
[2025-02-03 23:51:31,101] INFO - OPTIONS /prescriptions 200 - 0.00s
[2025-02-03 23:51:31,119] INFO - GET /prescriptions 500 - 0.01s
[2025-02-03 23:51:39,866] INFO - OPTIONS /auth/login 200 - 0.00s
[2025-02-03 23:51:40,385] INFO - POST /auth/login 200 - 0.52s
[2025-02-03 23:51:42,560] INFO - OPTIONS /prescriptions 200 - 0.00s
[2025-02-03 23:51:42,565] INFO - GET /prescriptions 500 - 0.00s
[2025-02-03 23:54:16,508] INFO - OPTIONS /prescriptions 200 - 0.00s
[2025-02-03 23:54:16,519] INFO - GET /prescriptions 500 - 0.00s
[2025-02-03 23:55:01,460] INFO - OPTIONS /auth/login 200 - 0.00s
[2025-02-03 23:55:02,072] INFO - POST /auth/login 200 - 0.61s
[2025-02-03 23:55:04,255] INFO - OPTIONS /prescriptions 200 - 0.00s
[2025-02-03 23:55:04,264] INFO - GET /prescriptions 500 - 0.00s
[2025-02-03 23:58:41,724] INFO - OPTIONS /auth/login 200 - 0.00s
[2025-02-03 23:58:42,132] INFO - POST /auth/login 200 - 0.41s
[2025-02-03 23:58:44,410] INFO - OPTIONS /prescriptions 200 - 0.00s
[2025-02-03 23:58:44,465] INFO - GET /prescriptions 500 - 0.01s
[2025-02-03 23:59:46,011] INFO - OPTIONS /prescriptions 200 - 0.00s
[2025-02-03 23:59:46,051] INFO - GET /prescriptions 500 - 0.00s
[2025-02-03 23:59:57,179] INFO - OPTIONS /prescriptions 200 - 0.00s
[2025-02-04 00:00:32,992] INFO - OPTIONS /auth/login 200 - 0.00s
[2025-02-04 00:00:33,448] INFO - POST /auth/login 200 - 0.45s
[2025-02-04 00:00:35,589] INFO - OPTIONS /prescriptions 200 - 0.00s
[2025-02-04 00:00:35,596] INFO - GET /prescriptions 500 - 0.01s
[2025-02-04 00:02:08,442] INFO - OPTIONS /auth/login 200 - 0.00s
[2025-02-04 00:02:08,753] INFO - POST /auth/login 200 - 0.31s
[2025-02-04 00:02:10,862] INFO - OPTIONS /prescriptions 200 - 0.00s
[2025-02-04 00:02:10,871] INFO - GET /prescriptions 401 - 0.00s
[2025-02-04 00:02:29,612] INFO - OPTIONS /prescriptions 200 - 0.00s
[2025-02-04 00:02:29,618] INFO - GET /prescriptions 500 - 0.00s
[2025-02-04 00:06:33,133] INFO - OPTIONS /prescriptions 200 - 0.00s
[2025-02-04 00:07:34,967] INFO - OPTIONS /auth/login 200 - 0.00s
[2025-02-04 00:07:35,463] INFO - POST /auth/login 200 - 0.49s
[2025-02-04 00:07:37,935] INFO - OPTIONS /prescriptions 200 - 0.00s
[2025-02-04 00:09:14,624] INFO - OPTIONS /prescriptions 200 - 0.00s
[2025-02-04 00:09:14,644] INFO - GET /prescriptions 500 - 0.01s
[2025-02-04 00:09:14,656] INFO - OPTIONS /prescriptions 200 - 0.00s
[2025-02-04 00:09:14,665] INFO - GET /prescriptions 500 - 0.00s
[2025-02-04 00:09:14,668] INFO - OPTIONS /prescriptions 200 - 0.00s
[2025-02-04 00:09:14,676] INFO - GET /prescriptions 500 - 0.00s
[2025-02-04 00:10:02,653] INFO - OPTIONS /prescriptions 200 - 0.00s
[2025-02-04 00:10:02,659] INFO - GET /prescriptions 500 - 0.00s
[2025-02-04 00:10:02,681] INFO - OPTIONS /prescriptions 200 - 0.00s
[2025-02-04 00:10:02,689] INFO - GET /prescriptions 500 - 0.00s
[2025-02-04 00:10:02,696] INFO - GET /prescriptions 500 - 0.01s
[2025-02-04 12:16:29,542] INFO - OPTIONS /auth/login 200 - 0.00s
[2025-02-04 12:16:30,441] INFO - POST /auth/login 200 - 0.90s
[2025-02-04 12:16:32,639] INFO - OPTIONS /prescriptions 200 - 0.00s
[2025-02-04 12:16:32,646] INFO - GET /prescriptions 500 - 0.00s
[2025-02-04 12:17:45,746] INFO - OPTIONS /prescriptions 200 - 0.00s
[2025-02-04 12:17:45,756] INFO - GET /prescriptions 500 - 0.00s
[2025-02-04 12:29:01,566] INFO - OPTIONS /prescriptions 200 - 0.00s
[2025-02-04 12:29:02,201] INFO - GET /prescriptions 200 - 0.63s
[2025-02-04 14:21:52,239] INFO - OPTIONS /auth/login 200 - 0.00s
[2025-02-04 14:21:53,200] INFO - POST /auth/login 200 - 0.96s
[2025-02-04 14:21:55,331] INFO - OPTIONS /prescriptions 200 - 0.00s
[2025-02-04 14:21:56,015] INFO - GET /prescriptions 200 - 0.68s
[2025-02-04 14:53:38,006] INFO - OPTIONS /auth/login 200 - 0.00s
[2025-02-04 14:53:38,665] INFO - POST /auth/login 200 - 0.65s
[2025-02-04 14:53:41,071] INFO - OPTIONS /prescriptions 200 - 0.00s
[2025-02-04 14:53:41,425] INFO - GET /prescriptions 200 - 0.35s
[2025-02-04 14:55:19,026] INFO - OPTIONS /prescriptions/no-pdf 200 - 0.00s
[2025-02-04 14:55:19,376] INFO - POST /prescriptions/no-pdf 201 - 0.35s
[2025-02-04 14:55:19,383] INFO - OPTIONS /prescriptions 200 - 0.00s
[2025-02-04 14:55:19,625] INFO - GET /prescriptions 200 - 0.24s
[2025-02-04 14:55:32,425] INFO - OPTIONS /prescriptions/4 200 - 0.00s
[2025-02-04 14:55:32,888] INFO - DELETE /prescriptions/4 200 - 0.46s
[2025-02-04 14:55:32,894] INFO - OPTIONS /prescriptions 200 - 0.00s
[2025-02-04 14:55:33,193] INFO - GET /prescriptions 200 - 0.30s
[2025-02-04 15:03:11,198] INFO - OPTIONS /auth/login 200 - 0.00s
[2025-02-04 15:03:11,687] INFO - POST /auth/login 200 - 0.49s
[2025-02-04 15:03:13,917] INFO - OPTIONS /prescriptions 200 - 0.00s
[2025-02-04 15:03:14,247] INFO - GET /prescriptions 200 - 0.32s
[2025-02-04 15:03:29,223] INFO - OPTIONS /prescriptions 200 - 0.00s
[2025-02-04 15:03:29,503] INFO - GET /prescriptions 200 - 0.28s
[2025-02-04 15:03:33,394] INFO - GET /prescriptions 200 - 0.37s
[2025-02-04 15:03:37,417] INFO - OPTIONS /prescriptions 200 - 0.00s
[2025-02-04 15:03:37,697] INFO - GET /prescriptions 200 - 0.28s
[2025-02-04 15:03:40,358] INFO - GET /prescriptions 200 - 0.32s
[2025-02-04 15:05:26,848] INFO - OPTIONS /prescriptions/no-pdf 200 - 0.00s
[2025-02-04 15:05:27,354] INFO - POST /prescriptions/no-pdf 201 - 0.50s
[2025-02-04 15:05:27,361] INFO - OPTIONS /prescriptions 200 - 0.00s
[2025-02-04 15:05:27,764] INFO - GET /prescriptions 200 - 0.40s
[2025-02-04 15:05:35,862] INFO - OPTIONS /prescriptions/5 200 - 0.00s
[2025-02-04 15:05:36,364] INFO - DELETE /prescriptions/5 200 - 0.50s
[2025-02-04 15:05:36,370] INFO - OPTIONS /prescriptions 200 - 0.00s
[2025-02-04 15:05:36,774] INFO - GET /prescriptions 200 - 0.40s
[2025-02-04 15:06:00,579] INFO - OPTIONS /prescriptions 200 - 0.00s
[2025-02-04 15:06:01,143] INFO - GET /prescriptions 200 - 0.56s
[2025-02-04 15:07:44,667] INFO - OPTIONS /prescriptions/no-pdf 200 - 0.00s
[2025-02-04 15:07:44,964] INFO - POST /prescriptions/no-pdf 201 - 0.29s
[2025-02-04 15:07:44,970] INFO - OPTIONS /prescriptions 200 - 0.00s
[2025-02-04 15:07:45,341] INFO - GET /prescriptions 200 - 0.37s
[2025-02-04 15:07:52,714] INFO - OPTIONS /prescriptions/search/medication 200 - 0.00s
[2025-02-04 15:07:53,066] INFO - GET /prescriptions/search/medication 200 - 0.35s
[2025-02-04 15:07:54,694] INFO - GET /prescriptions/search/medication 200 - 0.34s
[2025-02-04 15:07:55,101] INFO - GET /prescriptions/search/medication 200 - 0.40s
[2025-02-04 15:08:12,835] INFO - OPTIONS /prescriptions 200 - 0.00s
[2025-02-04 15:08:13,227] INFO - GET /prescriptions 200 - 0.39s
[2025-02-04 15:09:48,072] INFO - OPTIONS /prescriptions/search/person 200 - 0.00s
[2025-02-04 15:09:48,505] INFO - GET /prescriptions/search/person 404 - 0.43s
[2025-02-04 15:09:49,631] INFO - GET /prescriptions/search/person 404 - 0.27s
[2025-02-04 15:10:02,295] INFO - OPTIONS /prescriptions/search/person 200 - 0.00s
[2025-02-04 15:10:02,507] INFO - GET /prescriptions/search/person 200 - 0.21s
[2025-02-04 15:10:12,705] INFO - OPTIONS /prescriptions/search/person 200 - 0.00s
[2025-02-04 15:10:12,707] INFO - GET /prescriptions/search/person 400 - 0.00s
[2025-02-04 15:10:13,710] INFO - GET /prescriptions/search/person 400 - 0.00s
[2025-02-04 15:10:13,887] INFO - GET /prescriptions/search/person 400 - 0.00s
[2025-02-04 15:10:18,373] INFO - OPTIONS /prescriptions 200 - 0.00s
[2025-02-04 15:10:18,738] INFO - GET /prescriptions 200 - 0.35s
[2025-02-04 15:10:31,513] INFO - OPTIONS /prescriptions/search/person 200 - 0.00s
[2025-02-04 15:10:31,837] INFO - GET /prescriptions/search/person 404 - 0.32s
[2025-02-04 15:10:32,754] INFO - GET /prescriptions/search/person 404 - 0.48s
[2025-02-04 15:10:33,066] INFO - GET /prescriptions/search/person 404 - 0.31s
[2025-02-04 15:10:37,728] INFO - OPTIONS /prescriptions 200 - 0.00s
[2025-02-04 15:10:38,080] INFO - GET /prescriptions 200 - 0.34s
[2025-02-04 15:12:22,783] INFO - OPTIONS /auth/register 200 - 0.00s
[2025-02-04 15:12:23,359] INFO - POST /auth/register 201 - 0.57s
[2025-02-04 15:12:26,205] INFO - OPTIONS /auth/login 200 - 0.00s
[2025-02-04 15:12:26,739] INFO - POST /auth/login 200 - 0.53s
[2025-02-04 15:12:28,968] INFO - OPTIONS /prescriptions 200 - 0.00s
[2025-02-04 15:12:29,299] INFO - GET /prescriptions 404 - 0.33s
[2025-02-04 15:13:01,261] INFO - OPTIONS /prescriptions/no-pdf 200 - 0.00s
[2025-02-04 15:13:01,557] INFO - POST /prescriptions/no-pdf 201 - 0.29s
[2025-02-04 15:13:01,564] INFO - OPTIONS /prescriptions 200 - 0.00s
[2025-02-04 15:13:01,864] INFO - GET /prescriptions 200 - 0.30s
[2025-02-04 15:13:07,652] INFO - OPTIONS /auth/login 200 - 0.00s
[2025-02-04 15:13:08,224] INFO - POST /auth/login 200 - 0.57s
[2025-02-04 15:13:10,456] INFO - OPTIONS /prescriptions 200 - 0.00s
[2025-02-04 15:13:10,773] INFO - GET /prescriptions 200 - 0.31s
[2025-02-04 15:13:32,535] INFO - OPTIONS /auth/login 200 - 0.00s
[2025-02-04 15:13:33,097] INFO - POST /auth/login 200 - 0.56s
[2025-02-04 15:13:33,516] INFO - OPTIONS /prescriptions 200 - 0.00s
[2025-02-04 15:13:33,815] INFO - GET /prescriptions 200 - 0.30s
[2025-02-04 16:22:34,231] INFO - OPTIONS /auth/login 200 - 0.00s
[2025-02-04 16:22:34,641] INFO - POST /auth/login 200 - 0.41s
[2025-02-04 16:22:34,948] INFO - OPTIONS /prescriptions 200 - 0.00s
[2025-02-04 16:22:35,204] INFO - GET /prescriptions 200 - 0.26s
[2025-02-04 16:35:35,473] INFO - OPTIONS /prescriptions 200 - 0.00s
[2025-02-04 16:35:35,743] INFO - GET /prescriptions 200 - 0.27s
[2025-02-04 16:36:09,412] INFO - OPTIONS /auth/login 200 - 0.00s
[2025-02-04 16:36:09,791] INFO - POST /auth/login 200 - 0.38s
[2025-02-04 16:36:10,117] INFO - OPTIONS /prescriptions 200 - 0.00s
[2025-02-04 16:36:10,394] INFO - GET /prescriptions 200 - 0.28s
[2025-02-04 16:43:20,980] INFO - OPTIONS /auth/login 200 - 0.00s
[2025-02-04 16:43:21,223] INFO - POST /auth/login 200 - 0.24s
[2025-02-04 16:43:21,510] INFO - OPTIONS /prescriptions 200 - 0.00s
[2025-02-04 16:43:21,655] INFO - GET /prescriptions 200 - 0.14s
[2025-02-04 17:00:28,625] INFO - OPTIONS /auth/login 200 - 0.00s
[2025-02-04 17:00:44,786] INFO - POST /auth/login 200 - 16.16s
[2025-02-04 17:00:45,073] INFO - OPTIONS /prescriptions 200 - 0.00s
[2025-02-04 17:00:45,400] INFO - GET /prescriptions 200 - 0.32s
[2025-02-04 17:11:39,947] INFO - OPTIONS /notes 200 - 0.00s
[2025-02-04 17:11:39,950] INFO - OPTIONS /prescriptions 200 - 0.00s
[2025-02-04 17:11:40,225] INFO - GET /notes 200 - 0.26s
[2025-02-04 17:11:40,377] INFO - GET /prescriptions 200 - 0.15s
[2025-02-04 17:11:40,525] INFO - GET /notes 200 - 0.15s
[2025-02-04 17:11:58,437] INFO - OPTIONS /notes 200 - 0.00s
[2025-02-04 17:14:44,472] INFO - OPTIONS /auth/login 200 - 0.00s
[2025-02-04 17:14:45,210] INFO - POST /auth/login 200 - 0.74s
[2025-02-04 17:14:45,532] INFO - OPTIONS /prescriptions 200 - 0.00s
[2025-02-04 17:14:46,238] INFO - GET /prescriptions 200 - 0.70s
[2025-02-04 17:15:09,802] INFO - OPTIONS /notes 200 - 0.00s
[2025-02-04 17:15:10,730] INFO - GET /notes 200 - 0.93s
[2025-02-04 17:15:23,340] INFO - OPTIONS /notes 200 - 0.00s
[2025-02-04 17:15:23,921] INFO - POST /notes 201 - 0.58s
[2025-02-04 17:15:24,533] INFO - GET /notes 200 - 0.61s
[2025-02-04 17:24:18,367] INFO - OPTIONS /prescriptions 200 - 0.00s
[2025-02-04 17:24:18,863] INFO - GET /prescriptions 200 - 0.49s
[2025-02-04 17:24:21,587] INFO - OPTIONS /notes 200 - 0.00s
[2025-02-04 17:24:21,936] INFO - GET /notes 200 - 0.35s
[2025-02-04 17:30:26,933] INFO - OPTIONS /notes 200 - 0.00s
[2025-02-04 17:30:27,316] INFO - GET /notes 200 - 0.38s
